13.596 -1.31536 -0.119593
0.712256 -1.31536 0.00602374
0.595968 -1.31536 2.99455
0.676288 -1.31536 0.981246
0.701888 -1.31536 0.0208717
0.680032 -1.31536 -1.87496
0.775616 -1.31536 -2.11446
0.649024 -1.31536 -8.75457
0.620256 -1.31536 -1.26682
0.642208 -1.31536 4.48665
0.56144 -1.31536 8.2535
0.822976 -1.31536 2.73498
0.833984 -1.31536 -0.176216
1.0665 -1.31536 -3.41365
2.66845 -1.31536 1.31994
1.45469 -1.31536 -1.38202
2.18848 -1.31536 0.0948837
3.83466 -1.31536 -1.6058
8.33891 -1.31536 6.35167
14.2406 -1.31536 9.99992
