6.47181 -1.31536 -0.119593
0.604928 -1.31536 0.00602374
0.831072 -1.31536 2.99455
0.73584 -1.31536 0.981246
0.676352 -1.31536 0.0208717
0.673632 -1.31536 -1.87496
0.657632 -1.31536 -2.11446
0.759776 -1.31536 -8.75457
0.701728 -1.31536 -1.26682
0.801536 -1.31536 4.48665
0.694144 -1.31536 8.2535
0.56944 -1.31536 2.73498
0.81744 -1.31536 -0.176216
0.919456 -1.31536 -3.41365
1.01696 -1.31536 1.31994
1.37792 -1.31536 -1.38202
2.20918 -1.31536 0.0948837
3.54749 -1.31536 -1.6058
19.9988 -1.31536 6.35167
13.9507 -1.31536 9.99992
